<?xml version="1.0" encoding="UTF-8"?>
<testng-results ignored="0" total="5" passed="5" failed="0" skipped="0">
  <reporter-output>
  </reporter-output>
  <suite started-at="2024-08-19T14:20:40 IST" name="Default suite" finished-at="2024-08-19T14:21:44 IST" duration-ms="63948">
    <groups>
      <group name="cucumber">
        <method signature="AbstractTestNGCucumberTests.runScenario(io.cucumber.testng.PickleWrapper,io.cucumber.testng.FeatureWrapper)[pri:0, instance:runner.Runner@1caa0244]" name="runScenario" class="io.cucumber.testng.AbstractTestNGCucumberTests"/>
      </group> <!-- cucumber -->
    </groups>
    <test started-at="2024-08-19T14:20:40 IST" name="Default test" finished-at="2024-08-19T14:21:44 IST" duration-ms="63948">
      <class name="runner.Runner">
        <test-method is-config="true" signature="setUpClass(org.testng.ITestContext)[pri:0, instance:runner.Runner@1caa0244]" started-at="2024-08-19T14:20:40 IST" name="setUpClass" finished-at="2024-08-19T14:20:41 IST" duration-ms="704" status="PASS">
          <params>
            <param index="0">
              <value>
                <![CDATA[org.testng.TestRunner@677cc4e8]]>
              </value>
            </param>
          </params>
          <reporter-output>
          </reporter-output>
        </test-method> <!-- setUpClass -->
        <test-method signature="runScenario(io.cucumber.testng.PickleWrapper,io.cucumber.testng.FeatureWrapper)[pri:0, instance:runner.Runner@1caa0244]" started-at="2024-08-19T14:20:41 IST" name="runScenario" description="Runs Cucumber Scenarios" data-provider="scenarios" finished-at="2024-08-19T14:20:57 IST" duration-ms="15800" status="PASS">
          <params>
            <param index="0">
              <value>
                <![CDATA["Create lead with mandatory details"]]>
              </value>
            </param>
            <param index="1">
              <value>
                <![CDATA["Login to Leaftaps application"]]>
              </value>
            </param>
          </params>
          <reporter-output>
          </reporter-output>
        </test-method> <!-- runScenario -->
        <test-method signature="runScenario(io.cucumber.testng.PickleWrapper,io.cucumber.testng.FeatureWrapper)[pri:0, instance:runner.Runner@1caa0244]" started-at="2024-08-19T14:20:57 IST" name="runScenario" description="Runs Cucumber Scenarios" data-provider="scenarios" finished-at="2024-08-19T14:21:08 IST" duration-ms="11345" status="PASS">
          <params>
            <param index="0">
              <value>
                <![CDATA["Create lead with mandatory details"]]>
              </value>
            </param>
            <param index="1">
              <value>
                <![CDATA["Login to Leaftaps application"]]>
              </value>
            </param>
          </params>
          <reporter-output>
          </reporter-output>
        </test-method> <!-- runScenario -->
        <test-method signature="runScenario(io.cucumber.testng.PickleWrapper,io.cucumber.testng.FeatureWrapper)[pri:0, instance:runner.Runner@1caa0244]" started-at="2024-08-19T14:21:08 IST" name="runScenario" description="Runs Cucumber Scenarios" data-provider="scenarios" finished-at="2024-08-19T14:21:16 IST" duration-ms="7865" status="PASS">
          <params>
            <param index="0">
              <value>
                <![CDATA["Login positive flow"]]>
              </value>
            </param>
            <param index="1">
              <value>
                <![CDATA["Login to Leaptaps"]]>
              </value>
            </param>
          </params>
          <reporter-output>
          </reporter-output>
        </test-method> <!-- runScenario -->
        <test-method signature="runScenario(io.cucumber.testng.PickleWrapper,io.cucumber.testng.FeatureWrapper)[pri:0, instance:runner.Runner@1caa0244]" started-at="2024-08-19T14:21:16 IST" name="runScenario" description="Runs Cucumber Scenarios" data-provider="scenarios" finished-at="2024-08-19T14:21:24 IST" duration-ms="8649" status="PASS">
          <params>
            <param index="0">
              <value>
                <![CDATA["Login positive flow"]]>
              </value>
            </param>
            <param index="1">
              <value>
                <![CDATA["Login to Leaptaps"]]>
              </value>
            </param>
          </params>
          <reporter-output>
          </reporter-output>
        </test-method> <!-- runScenario -->
        <test-method signature="runScenario(io.cucumber.testng.PickleWrapper,io.cucumber.testng.FeatureWrapper)[pri:0, instance:runner.Runner@1caa0244]" started-at="2024-08-19T14:21:24 IST" name="runScenario" description="Runs Cucumber Scenarios" data-provider="scenarios" finished-at="2024-08-19T14:21:40 IST" duration-ms="15645" status="PASS">
          <params>
            <param index="0">
              <value>
                <![CDATA["Login Negative flow"]]>
              </value>
            </param>
            <param index="1">
              <value>
                <![CDATA["Login to Leaptaps"]]>
              </value>
            </param>
          </params>
          <reporter-output>
          </reporter-output>
        </test-method> <!-- runScenario -->
        <test-method is-config="true" signature="tearDownClass()[pri:0, instance:runner.Runner@1caa0244]" started-at="2024-08-19T14:21:40 IST" name="tearDownClass" finished-at="2024-08-19T14:21:44 IST" duration-ms="3900" status="PASS">
          <reporter-output>
          </reporter-output>
        </test-method> <!-- tearDownClass -->
      </class> <!-- runner.Runner -->
    </test> <!-- Default test -->
  </suite> <!-- Default suite -->
</testng-results>
