<?xml version="1.0" encoding="UTF-8"?>
<testng-results ignored="0" total="5" passed="5" failed="0" skipped="0">
  <reporter-output>
  </reporter-output>
  <suite started-at="2023-05-25T11:05:01 IST" name="Default suite" finished-at="2023-05-25T11:05:58 IST" duration-ms="56863">
    <groups>
      <group name="cucumber">
        <method signature="AbstractTestNGCucumberTests.runScenario(io.cucumber.testng.PickleWrapper,io.cucumber.testng.FeatureWrapper)[pri:0, instance:runner.Runner@72cc7e6f]" name="runScenario" class="io.cucumber.testng.AbstractTestNGCucumberTests"/>
      </group> <!-- cucumber -->
    </groups>
    <test started-at="2023-05-25T11:05:01 IST" name="Default test" finished-at="2023-05-25T11:05:58 IST" duration-ms="56863">
      <class name="runner.Runner">
        <test-method is-config="true" signature="setUpClass(org.testng.ITestContext)[pri:0, instance:runner.Runner@72cc7e6f]" started-at="2023-05-25T11:05:01 IST" name="setUpClass" finished-at="2023-05-25T11:05:02 IST" duration-ms="1360" status="PASS">
          <params>
            <param index="0">
              <value>
                <![CDATA[org.testng.TestRunner@36dafa24]]>
              </value>
            </param>
          </params>
          <reporter-output>
          </reporter-output>
        </test-method> <!-- setUpClass -->
        <test-method signature="runScenario(io.cucumber.testng.PickleWrapper,io.cucumber.testng.FeatureWrapper)[pri:0, instance:runner.Runner@72cc7e6f]" started-at="2023-05-25T11:05:02 IST" name="runScenario" description="Runs Cucumber Scenarios" data-provider="scenarios" finished-at="2023-05-25T11:05:18 IST" duration-ms="16018" status="PASS">
          <params>
            <param index="0">
              <value>
                <![CDATA["Create lead with mandatory details"]]>
              </value>
            </param>
            <param index="1">
              <value>
                <![CDATA["Login to Leaftaps application"]]>
              </value>
            </param>
          </params>
          <reporter-output>
          </reporter-output>
        </test-method> <!-- runScenario -->
        <test-method signature="runScenario(io.cucumber.testng.PickleWrapper,io.cucumber.testng.FeatureWrapper)[pri:0, instance:runner.Runner@72cc7e6f]" started-at="2023-05-25T11:05:18 IST" name="runScenario" description="Runs Cucumber Scenarios" data-provider="scenarios" finished-at="2023-05-25T11:05:31 IST" duration-ms="12902" status="PASS">
          <params>
            <param index="0">
              <value>
                <![CDATA["Create lead with mandatory details"]]>
              </value>
            </param>
            <param index="1">
              <value>
                <![CDATA["Login to Leaftaps application"]]>
              </value>
            </param>
          </params>
          <reporter-output>
          </reporter-output>
        </test-method> <!-- runScenario -->
        <test-method signature="runScenario(io.cucumber.testng.PickleWrapper,io.cucumber.testng.FeatureWrapper)[pri:0, instance:runner.Runner@72cc7e6f]" started-at="2023-05-25T11:05:31 IST" name="runScenario" description="Runs Cucumber Scenarios" data-provider="scenarios" finished-at="2023-05-25T11:05:37 IST" duration-ms="5847" status="PASS">
          <params>
            <param index="0">
              <value>
                <![CDATA["Login positive flow"]]>
              </value>
            </param>
            <param index="1">
              <value>
                <![CDATA["Login to Leaptaps"]]>
              </value>
            </param>
          </params>
          <reporter-output>
          </reporter-output>
        </test-method> <!-- runScenario -->
        <test-method signature="runScenario(io.cucumber.testng.PickleWrapper,io.cucumber.testng.FeatureWrapper)[pri:0, instance:runner.Runner@72cc7e6f]" started-at="2023-05-25T11:05:37 IST" name="runScenario" description="Runs Cucumber Scenarios" data-provider="scenarios" finished-at="2023-05-25T11:05:47 IST" duration-ms="10177" status="PASS">
          <params>
            <param index="0">
              <value>
                <![CDATA["Login positive flow"]]>
              </value>
            </param>
            <param index="1">
              <value>
                <![CDATA["Login to Leaptaps"]]>
              </value>
            </param>
          </params>
          <reporter-output>
          </reporter-output>
        </test-method> <!-- runScenario -->
        <test-method signature="runScenario(io.cucumber.testng.PickleWrapper,io.cucumber.testng.FeatureWrapper)[pri:0, instance:runner.Runner@72cc7e6f]" started-at="2023-05-25T11:05:47 IST" name="runScenario" description="Runs Cucumber Scenarios" data-provider="scenarios" finished-at="2023-05-25T11:05:54 IST" duration-ms="6362" status="PASS">
          <params>
            <param index="0">
              <value>
                <![CDATA["Login Negative flow"]]>
              </value>
            </param>
            <param index="1">
              <value>
                <![CDATA["Login to Leaptaps"]]>
              </value>
            </param>
          </params>
          <reporter-output>
          </reporter-output>
        </test-method> <!-- runScenario -->
        <test-method is-config="true" signature="tearDownClass()[pri:0, instance:runner.Runner@72cc7e6f]" started-at="2023-05-25T11:05:54 IST" name="tearDownClass" finished-at="2023-05-25T11:05:58 IST" duration-ms="4150" status="PASS">
          <reporter-output>
          </reporter-output>
        </test-method> <!-- tearDownClass -->
      </class> <!-- runner.Runner -->
    </test> <!-- Default test -->
  </suite> <!-- Default suite -->
</testng-results>
